{"level":"info","time":"2025-07-22T05:36:11Z","message":"Thank you for trying Cloudflare Tunnel. Doing so, without a Cloudflare account, is a quick way to experiment and try it out. However, be aware that these account-less Tunnels have no uptime guarantee, are subject to the Cloudflare Online Services Terms of Use (https://www.cloudflare.com/website-terms/), and Cloudflare reserves the right to investigate your use of Tunnels for violations of such terms. If you intend to use Tunnels in production you should use a pre-created named tunnel by following: https://developers.cloudflare.com/cloudflare-one/connections/connect-apps"}
{"level":"info","time":"2025-07-22T05:36:11Z","message":"Requesting new quick Tunnel on trycloudflare.com..."}
{"level":"info","time":"2025-07-22T05:36:15Z","message":"+--------------------------------------------------------------------------------------------+"}
{"level":"info","time":"2025-07-22T05:36:15Z","message":"|  Your quick Tunnel has been created! Visit it at (it may take some time to be reachable):  |"}
{"level":"info","time":"2025-07-22T05:36:15Z","message":"|  https://leading-dramatic-listen-norway.trycloudflare.com                                  |"}
{"level":"info","time":"2025-07-22T05:36:15Z","message":"+--------------------------------------------------------------------------------------------+"}
{"level":"info","time":"2025-07-22T05:36:15Z","message":"Cannot determine default configuration path. No file [config.yml config.yaml] in [~/.cloudflared ~/.cloudflare-warp ~/cloudflare-warp]"}
{"level":"info","time":"2025-07-22T05:36:15Z","message":"Version 2025.7.0 (Checksum 9e37ce90110dc9e83108317273369641d2cab438cd9ca0458b30a6568fb09eac)"}
{"level":"info","time":"2025-07-22T05:36:15Z","message":"GOOS: windows, GOVersion: go1.24.2, GoArch: amd64"}
{"level":"info","time":"2025-07-22T05:36:15Z","message":"Settings: map[ha-connections:1 logfile:cloudflared.log protocol:quic url:http://localhost:3000]"}
{"level":"info","time":"2025-07-22T05:36:15Z","message":"cloudflared will not automatically update on Windows systems."}
{"level":"info","time":"2025-07-22T05:36:15Z","message":"Generated Connector ID: 58f597aa-5316-4c34-a2cb-17d0d7f9e57b"}
{"level":"info","time":"2025-07-22T05:36:15Z","message":"Initial protocol quic"}
{"level":"info","time":"2025-07-22T05:36:15Z","message":"ICMP proxy will use 10.100.0.2 as source for IPv4"}
{"level":"info","time":"2025-07-22T05:36:15Z","message":"ICMP proxy will use fe80::723e:7ca:789d:a5aa in zone NordLynx as source for IPv6"}
{"level":"info","time":"2025-07-22T05:36:15Z","message":"cloudflared does not support loading the system root certificate pool on Windows. Please use --origin-ca-pool <PATH> to specify the path to the certificate pool"}
{"level":"info","time":"2025-07-22T05:36:15Z","message":"ICMP proxy will use 10.100.0.2 as source for IPv4"}
{"level":"info","event":0,"ip":"198.41.192.107","connIndex":0,"time":"2025-07-22T05:36:15Z","message":"Tunnel connection curve preferences: [X25519MLKEM768 CurveP256]"}
{"level":"info","time":"2025-07-22T05:36:15Z","message":"ICMP proxy will use fe80::723e:7ca:789d:a5aa in zone NordLynx as source for IPv6"}
{"level":"info","time":"2025-07-22T05:36:15Z","message":"Starting metrics server on 127.0.0.1:20241/metrics"}
{"level":"info","event":0,"connection":"252077b4-ee1b-457f-8c4b-8fb30304b763","connIndex":0,"location":"nrt12","ip":"198.41.192.107","protocol":"quic","time":"2025-07-22T05:36:15Z","message":"Registered tunnel connection"}
{"level":"error","error":"lookup region1.v2.argotunnel.com: i/o timeout","time":"2025-07-22T05:36:20Z","message":"Failed to initialize DNS local resolver"}
{"level":"error","error":"lookup region1.v2.argotunnel.com: i/o timeout","time":"2025-07-22T05:41:25Z","message":"Failed to refresh DNS local resolver"}
{"level":"error","error":"lookup region1.v2.argotunnel.com: i/o timeout","time":"2025-07-22T05:46:30Z","message":"Failed to refresh DNS local resolver"}
{"level":"error","error":"lookup region1.v2.argotunnel.com: i/o timeout","time":"2025-07-22T05:51:35Z","message":"Failed to refresh DNS local resolver"}
{"level":"error","error":"lookup region1.v2.argotunnel.com: i/o timeout","time":"2025-07-22T05:56:40Z","message":"Failed to refresh DNS local resolver"}
{"level":"error","error":"lookup region1.v2.argotunnel.com: i/o timeout","time":"2025-07-22T06:01:45Z","message":"Failed to refresh DNS local resolver"}
{"level":"error","error":"lookup region1.v2.argotunnel.com: i/o timeout","time":"2025-07-22T06:06:50Z","message":"Failed to refresh DNS local resolver"}
{"level":"error","error":"lookup region1.v2.argotunnel.com: i/o timeout","time":"2025-07-22T06:11:55Z","message":"Failed to refresh DNS local resolver"}
{"level":"error","error":"lookup region1.v2.argotunnel.com: i/o timeout","time":"2025-07-22T06:17:00Z","message":"Failed to refresh DNS local resolver"}
{"level":"error","error":"lookup region1.v2.argotunnel.com: i/o timeout","time":"2025-07-22T06:22:05Z","message":"Failed to refresh DNS local resolver"}
{"level":"error","error":"lookup region1.v2.argotunnel.com: i/o timeout","time":"2025-07-22T06:27:10Z","message":"Failed to refresh DNS local resolver"}
{"level":"error","error":"lookup region1.v2.argotunnel.com: i/o timeout","time":"2025-07-22T06:32:15Z","message":"Failed to refresh DNS local resolver"}
{"level":"error","error":"lookup region1.v2.argotunnel.com: i/o timeout","time":"2025-07-22T06:37:20Z","message":"Failed to refresh DNS local resolver"}
{"level":"error","error":"lookup region1.v2.argotunnel.com: i/o timeout","time":"2025-07-22T06:42:25Z","message":"Failed to refresh DNS local resolver"}
{"level":"info","time":"2025-07-22T06:51:39Z","message":"Thank you for trying Cloudflare Tunnel. Doing so, without a Cloudflare account, is a quick way to experiment and try it out. However, be aware that these account-less Tunnels have no uptime guarantee, are subject to the Cloudflare Online Services Terms of Use (https://www.cloudflare.com/website-terms/), and Cloudflare reserves the right to investigate your use of Tunnels for violations of such terms. If you intend to use Tunnels in production you should use a pre-created named tunnel by following: https://developers.cloudflare.com/cloudflare-one/connections/connect-apps"}
{"level":"info","time":"2025-07-22T06:51:39Z","message":"Requesting new quick Tunnel on trycloudflare.com..."}
{"level":"info","time":"2025-07-22T06:51:43Z","message":"+--------------------------------------------------------------------------------------------+"}
{"level":"info","time":"2025-07-22T06:51:43Z","message":"|  Your quick Tunnel has been created! Visit it at (it may take some time to be reachable):  |"}
{"level":"info","time":"2025-07-22T06:51:43Z","message":"|  https://cocktail-widescreen-day-restructuring.trycloudflare.com                           |"}
{"level":"info","time":"2025-07-22T06:51:43Z","message":"+--------------------------------------------------------------------------------------------+"}
{"level":"info","time":"2025-07-22T06:51:43Z","message":"Cannot determine default configuration path. No file [config.yml config.yaml] in [~/.cloudflared ~/.cloudflare-warp ~/cloudflare-warp]"}
{"level":"info","time":"2025-07-22T06:51:43Z","message":"Version 2025.7.0 (Checksum 9e37ce90110dc9e83108317273369641d2cab438cd9ca0458b30a6568fb09eac)"}
{"level":"info","time":"2025-07-22T06:51:43Z","message":"GOOS: windows, GOVersion: go1.24.2, GoArch: amd64"}
{"level":"info","time":"2025-07-22T06:51:43Z","message":"Settings: map[ha-connections:1 logfile:cloudflared.log protocol:quic url:http://localhost:3000]"}
{"level":"info","time":"2025-07-22T06:51:43Z","message":"cloudflared will not automatically update on Windows systems."}
{"level":"info","time":"2025-07-22T06:51:43Z","message":"Generated Connector ID: 87c4acb1-68c7-4473-8577-6e324acf80f6"}
{"level":"info","time":"2025-07-22T06:51:43Z","message":"Initial protocol quic"}
{"level":"info","time":"2025-07-22T06:51:43Z","message":"ICMP proxy will use 10.100.0.2 as source for IPv4"}
{"level":"info","time":"2025-07-22T06:51:43Z","message":"ICMP proxy will use fe80::723e:7ca:789d:a5aa in zone NordLynx as source for IPv6"}
{"level":"info","time":"2025-07-22T06:51:43Z","message":"cloudflared does not support loading the system root certificate pool on Windows. Please use --origin-ca-pool <PATH> to specify the path to the certificate pool"}
{"level":"info","time":"2025-07-22T06:51:43Z","message":"ICMP proxy will use 10.100.0.2 as source for IPv4"}
{"level":"info","event":0,"ip":"198.41.200.53","connIndex":0,"time":"2025-07-22T06:51:43Z","message":"Tunnel connection curve preferences: [X25519MLKEM768 CurveP256]"}
{"level":"info","time":"2025-07-22T06:51:43Z","message":"ICMP proxy will use fe80::723e:7ca:789d:a5aa in zone NordLynx as source for IPv6"}
{"level":"info","time":"2025-07-22T06:51:43Z","message":"Starting metrics server on 127.0.0.1:20241/metrics"}
{"level":"info","event":0,"connection":"855f4192-0860-4139-b7a0-d1be1832ccf0","connIndex":0,"location":"nrt08","ip":"198.41.200.53","protocol":"quic","time":"2025-07-22T06:51:43Z","message":"Registered tunnel connection"}
{"level":"error","error":"lookup region1.v2.argotunnel.com: i/o timeout","time":"2025-07-22T06:51:48Z","message":"Failed to initialize DNS local resolver"}
{"level":"error","error":"lookup region1.v2.argotunnel.com: i/o timeout","time":"2025-07-22T06:56:53Z","message":"Failed to refresh DNS local resolver"}
